  billboard.cpp
  camera.cpp
  effect.cpp
  fade.cpp
  game.cpp
  input.cpp
  light.cpp
  main.cpp
  meshfield.cpp
  meshwall.cpp
  particle.cpp
  pause.cpp
  sound.cpp
  title.cpp
  コード生成しています。
  115 of 115 functions (100.0%) were compiled, the rest were copied from previous compilation.
    8 functions were new in current compilation
    0 functions had inline decision re-evaluated but remain unchanged
  コード生成が終了しました。
  project000 Team SilenceFujita.vcxproj -> C:\Users\student\Desktop\Team SilenceSuzuka\00_ゲーム制作 ソースファイル\project000 Team SilenceFujita\project000 Team SilenceFujita.exe
  project000 Team SilenceFujita.vcxproj -> C:\Users\student\Desktop\Team SilenceSuzuka\00_ゲーム制作 ソースファイル\project000 Team SilenceFujita\project000 Team SilenceFujita.pdb (Full PDB)
