  object.cpp
c:\users\student\desktop\team silencefujita\00_ゲーム制作 ソースファイル\project000 team silencefujita\object.h(33): error C2143: 構文エラー: ';' が '*' の前にありません。
c:\users\student\desktop\team silencefujita\00_ゲーム制作 ソースファイル\project000 team silencefujita\object.h(33): error C4430: 型指定子がありません - int と仮定しました。メモ: C++ は int を既定値としてサポートしていません
c:\users\student\desktop\team silencefujita\00_ゲーム制作 ソースファイル\project000 team silencefujita\object.h(33): error C2238: ';' の前に無効なトークンがあります。
c:\users\student\desktop\team silencefujita\00_ゲーム制作 ソースファイル\project000 team silencefujita\object.h(34): error C3646: 'state': 不明なオーバーライド指定子です
c:\users\student\desktop\team silencefujita\00_ゲーム制作 ソースファイル\project000 team silencefujita\object.h(34): error C4430: 型指定子がありません - int と仮定しました。メモ: C++ は int を既定値としてサポートしていません
c:\users\student\desktop\team silencefujita\00_ゲーム制作 ソースファイル\project000 team silencefujita\object.cpp(60): error C4430: 型指定子がありません - int と仮定しました。メモ: C++ は int を既定値としてサポートしていません
c:\users\student\desktop\team silencefujita\00_ゲーム制作 ソースファイル\project000 team silencefujita\object.cpp(60): error C2146: 構文エラー: ';' が、識別子 'g_aModelObject' の前に必要です。
c:\users\student\desktop\team silencefujita\00_ゲーム制作 ソースファイル\project000 team silencefujita\object.cpp(83): error C2065: 'g_aModelObject': 定義されていない識別子です。
c:\users\student\desktop\team silencefujita\00_ゲーム制作 ソースファイル\project000 team silencefujita\object.cpp(83): error C2228: '.apTexture' の左側はクラス、構造体、共用体でなければなりません
c:\users\student\desktop\team silencefujita\00_ゲーム制作 ソースファイル\project000 team silencefujita\object.cpp(84): error C2065: 'g_aModelObject': 定義されていない識別子です。
c:\users\student\desktop\team silencefujita\00_ゲーム制作 ソースファイル\project000 team silencefujita\object.cpp(84): error C2228: '.pMesh' の左側はクラス、構造体、共用体でなければなりません
c:\users\student\desktop\team silencefujita\00_ゲーム制作 ソースファイル\project000 team silencefujita\object.cpp(85): error C2065: 'g_aModelObject': 定義されていない識別子です。
c:\users\student\desktop\team silencefujita\00_ゲーム制作 ソースファイル\project000 team silencefujita\object.cpp(85): error C2228: '.pBuffMat' の左側はクラス、構造体、共用体でなければなりません
c:\users\student\desktop\team silencefujita\00_ゲーム制作 ソースファイル\project000 team silencefujita\object.cpp(86): error C2065: 'g_aModelObject': 定義されていない識別子です。
c:\users\student\desktop\team silencefujita\00_ゲーム制作 ソースファイル\project000 team silencefujita\object.cpp(86): error C2228: '.dwNumMat' の左側はクラス、構造体、共用体でなければなりません
c:\users\student\desktop\team silencefujita\00_ゲーム制作 ソースファイル\project000 team silencefujita\object.cpp(87): error C2065: 'g_aModelObject': 定義されていない識別子です。
c:\users\student\desktop\team silencefujita\00_ゲーム制作 ソースファイル\project000 team silencefujita\object.cpp(87): error C2228: '.vtxMin' の左側はクラス、構造体、共用体でなければなりません
c:\users\student\desktop\team silencefujita\00_ゲーム制作 ソースファイル\project000 team silencefujita\object.cpp(88): error C2065: 'g_aModelObject': 定義されていない識別子です。
c:\users\student\desktop\team silencefujita\00_ゲーム制作 ソースファイル\project000 team silencefujita\object.cpp(88): error C2228: '.vtxMax' の左側はクラス、構造体、共用体でなければなりません
c:\users\student\desktop\team silencefujita\00_ゲーム制作 ソースファイル\project000 team silencefujita\object.cpp(89): error C2065: 'g_aModelObject': 定義されていない識別子です。
c:\users\student\desktop\team silencefujita\00_ゲーム制作 ソースファイル\project000 team silencefujita\object.cpp(89): error C2228: '.fHeight' の左側はクラス、構造体、共用体でなければなりません
c:\users\student\desktop\team silencefujita\00_ゲーム制作 ソースファイル\project000 team silencefujita\object.cpp(90): error C2065: 'g_aModelObject': 定義されていない識別子です。
c:\users\student\desktop\team silencefujita\00_ゲーム制作 ソースファイル\project000 team silencefujita\object.cpp(90): error C2228: '.fRadius' の左側はクラス、構造体、共用体でなければなりません
c:\users\student\desktop\team silencefujita\00_ゲーム制作 ソースファイル\project000 team silencefujita\object.cpp(99): error C2039: 'pModelData': 'Object' のメンバーではありません。
  c:\users\student\desktop\team silencefujita\00_ゲーム制作 ソースファイル\project000 team silencefujita\object.h(29): note: 'Object' の宣言を確認してください
c:\users\student\desktop\team silencefujita\00_ゲーム制作 ソースファイル\project000 team silencefujita\object.cpp(100): error C2039: 'state': 'Object' のメンバーではありません。
  c:\users\student\desktop\team silencefujita\00_ゲーム制作 ソースファイル\project000 team silencefujita\object.h(29): note: 'Object' の宣言を確認してください
c:\users\student\desktop\team silencefujita\00_ゲーム制作 ソースファイル\project000 team silencefujita\object.cpp(100): error C2065: 'ACTIONSTATE_NONE': 定義されていない識別子です。
c:\users\student\desktop\team silencefujita\00_ゲーム制作 ソースファイル\project000 team silencefujita\object.cpp(119): error C2065: 'g_aModelObject': 定義されていない識別子です。
c:\users\student\desktop\team silencefujita\00_ゲーム制作 ソースファイル\project000 team silencefujita\object.cpp(119): error C2228: '.pBuffMat' の左側はクラス、構造体、共用体でなければなりません
c:\users\student\desktop\team silencefujita\00_ゲーム制作 ソースファイル\project000 team silencefujita\object.cpp(121): error C2065: 'g_aModelObject': 定義されていない識別子です。
c:\users\student\desktop\team silencefujita\00_ゲーム制作 ソースファイル\project000 team silencefujita\object.cpp(121): error C2228: '.dwNumMat' の左側はクラス、構造体、共用体でなければなりません
c:\users\student\desktop\team silencefujita\00_ゲーム制作 ソースファイル\project000 team silencefujita\object.cpp(122): error C2065: 'g_aModelObject': 定義されていない識別子です。
c:\users\student\desktop\team silencefujita\00_ゲーム制作 ソースファイル\project000 team silencefujita\object.cpp(123): error C2228: '.pMesh' の左側はクラス、構造体、共用体でなければなりません
c:\users\student\desktop\team silencefujita\00_ゲーム制作 ソースファイル\project000 team silencefujita\object.cpp(123): error C2660: 'D3DXLoadMeshFromXA': 関数に 5 個の引数を指定できません。
c:\users\student\desktop\team silencefujita\00_ゲーム制作 ソースファイル\project000 team silencefujita\object.cpp(131): error C2065: 'g_aModelObject': 定義されていない識別子です。
c:\users\student\desktop\team silencefujita\00_ゲーム制作 ソースファイル\project000 team silencefujita\object.cpp(131): error C2228: '.pMesh' の左側はクラス、構造体、共用体でなければなりません
c:\users\student\desktop\team silencefujita\00_ゲーム制作 ソースファイル\project000 team silencefujita\object.cpp(131): error C2227: '->GetNumVertices' : 左側がクラス、構造体、共用体、ジェネリック型へのポインターではありません。
c:\users\student\desktop\team silencefujita\00_ゲーム制作 ソースファイル\project000 team silencefujita\object.cpp(134): error C2065: 'g_aModelObject': 定義されていない識別子です。
c:\users\student\desktop\team silencefujita\00_ゲーム制作 ソースファイル\project000 team silencefujita\object.cpp(134): error C2228: '.pMesh' の左側はクラス、構造体、共用体でなければなりません
c:\users\student\desktop\team silencefujita\00_ゲーム制作 ソースファイル\project000 team silencefujita\object.cpp(134): error C2227: '->GetFVF' : 左側がクラス、構造体、共用体、ジェネリック型へのポインターではありません。
c:\users\student\desktop\team silencefujita\00_ゲーム制作 ソースファイル\project000 team silencefujita\object.cpp(137): error C2065: 'g_aModelObject': 定義されていない識別子です。
c:\users\student\desktop\team silencefujita\00_ゲーム制作 ソースファイル\project000 team silencefujita\object.cpp(137): error C2228: '.pMesh' の左側はクラス、構造体、共用体でなければなりません
c:\users\student\desktop\team silencefujita\00_ゲーム制作 ソースファイル\project000 team silencefujita\object.cpp(137): error C2227: '->LockVertexBuffer' : 左側がクラス、構造体、共用体、ジェネリック型へのポインターではありません。
c:\users\student\desktop\team silencefujita\00_ゲーム制作 ソースファイル\project000 team silencefujita\object.cpp(146): error C2065: 'g_aModelObject': 定義されていない識別子です。
c:\users\student\desktop\team silencefujita\00_ゲーム制作 ソースファイル\project000 team silencefujita\object.cpp(146): error C2228: '.vtxMin' の左側はクラス、構造体、共用体でなければなりません
c:\users\student\desktop\team silencefujita\00_ゲーム制作 ソースファイル\project000 team silencefujita\object.cpp(146): error C2228: '.x' の左側はクラス、構造体、共用体でなければなりません
c:\users\student\desktop\team silencefujita\00_ゲーム制作 ソースファイル\project000 team silencefujita\object.cpp(150): error C2065: 'g_aModelObject': 定義されていない識別子です。
c:\users\student\desktop\team silencefujita\00_ゲーム制作 ソースファイル\project000 team silencefujita\object.cpp(150): error C2228: '.vtxMin' の左側はクラス、構造体、共用体でなければなりません
c:\users\student\desktop\team silencefujita\00_ゲーム制作 ソースファイル\project000 team silencefujita\object.cpp(150): error C2228: '.x' の左側はクラス、構造体、共用体でなければなりません
c:\users\student\desktop\team silencefujita\00_ゲーム制作 ソースファイル\project000 team silencefujita\object.cpp(152): error C2065: 'g_aModelObject': 定義されていない識別子です。
c:\users\student\desktop\team silencefujita\00_ゲーム制作 ソースファイル\project000 team silencefujita\object.cpp(152): error C2228: '.vtxMax' の左側はクラス、構造体、共用体でなければなりません
c:\users\student\desktop\team silencefujita\00_ゲーム制作 ソースファイル\project000 team silencefujita\object.cpp(152): error C2228: '.x' の左側はクラス、構造体、共用体でなければなりません
c:\users\student\desktop\team silencefujita\00_ゲーム制作 ソースファイル\project000 team silencefujita\object.cpp(156): error C2065: 'g_aModelObject': 定義されていない識別子です。
c:\users\student\desktop\team silencefujita\00_ゲーム制作 ソースファイル\project000 team silencefujita\object.cpp(156): error C2228: '.vtxMax' の左側はクラス、構造体、共用体でなければなりません
c:\users\student\desktop\team silencefujita\00_ゲーム制作 ソースファイル\project000 team silencefujita\object.cpp(156): error C2228: '.x' の左側はクラス、構造体、共用体でなければなりません
c:\users\student\desktop\team silencefujita\00_ゲーム制作 ソースファイル\project000 team silencefujita\object.cpp(160): error C2065: 'g_aModelObject': 定義されていない識別子です。
c:\users\student\desktop\team silencefujita\00_ゲーム制作 ソースファイル\project000 team silencefujita\object.cpp(160): error C2228: '.vtxMin' の左側はクラス、構造体、共用体でなければなりません
c:\users\student\desktop\team silencefujita\00_ゲーム制作 ソースファイル\project000 team silencefujita\object.cpp(160): error C2228: '.y' の左側はクラス、構造体、共用体でなければなりません
c:\users\student\desktop\team silencefujita\00_ゲーム制作 ソースファイル\project000 team silencefujita\object.cpp(164): error C2065: 'g_aModelObject': 定義されていない識別子です。
c:\users\student\desktop\team silencefujita\00_ゲーム制作 ソースファイル\project000 team silencefujita\object.cpp(164): error C2228: '.vtxMin' の左側はクラス、構造体、共用体でなければなりません
c:\users\student\desktop\team silencefujita\00_ゲーム制作 ソースファイル\project000 team silencefujita\object.cpp(164): error C2228: '.y' の左側はクラス、構造体、共用体でなければなりません
c:\users\student\desktop\team silencefujita\00_ゲーム制作 ソースファイル\project000 team silencefujita\object.cpp(166): error C2065: 'g_aModelObject': 定義されていない識別子です。
c:\users\student\desktop\team silencefujita\00_ゲーム制作 ソースファイル\project000 team silencefujita\object.cpp(166): error C2228: '.vtxMax' の左側はクラス、構造体、共用体でなければなりません
c:\users\student\desktop\team silencefujita\00_ゲーム制作 ソースファイル\project000 team silencefujita\object.cpp(166): error C2228: '.y' の左側はクラス、構造体、共用体でなければなりません
c:\users\student\desktop\team silencefujita\00_ゲーム制作 ソースファイル\project000 team silencefujita\object.cpp(170): error C2065: 'g_aModelObject': 定義されていない識別子です。
c:\users\student\desktop\team silencefujita\00_ゲーム制作 ソースファイル\project000 team silencefujita\object.cpp(170): error C2228: '.vtxMax' の左側はクラス、構造体、共用体でなければなりません
c:\users\student\desktop\team silencefujita\00_ゲーム制作 ソースファイル\project000 team silencefujita\object.cpp(170): error C2228: '.y' の左側はクラス、構造体、共用体でなければなりません
c:\users\student\desktop\team silencefujita\00_ゲーム制作 ソースファイル\project000 team silencefujita\object.cpp(174): error C2065: 'g_aModelObject': 定義されていない識別子です。
c:\users\student\desktop\team silencefujita\00_ゲーム制作 ソースファイル\project000 team silencefujita\object.cpp(174): error C2228: '.vtxMin' の左側はクラス、構造体、共用体でなければなりません
c:\users\student\desktop\team silencefujita\00_ゲーム制作 ソースファイル\project000 team silencefujita\object.cpp(174): error C2228: '.z' の左側はクラス、構造体、共用体でなければなりません
c:\users\student\desktop\team silencefujita\00_ゲーム制作 ソースファイル\project000 team silencefujita\object.cpp(178): error C2065: 'g_aModelObject': 定義されていない識別子です。
c:\users\student\desktop\team silencefujita\00_ゲーム制作 ソースファイル\project000 team silencefujita\object.cpp(178): error C2228: '.vtxMin' の左側はクラス、構造体、共用体でなければなりません
c:\users\student\desktop\team silencefujita\00_ゲーム制作 ソースファイル\project000 team silencefujita\object.cpp(178): error C2228: '.z' の左側はクラス、構造体、共用体でなければなりません
c:\users\student\desktop\team silencefujita\00_ゲーム制作 ソースファイル\project000 team silencefujita\object.cpp(180): error C2065: 'g_aModelObject': 定義されていない識別子です。
c:\users\student\desktop\team silencefujita\00_ゲーム制作 ソースファイル\project000 team silencefujita\object.cpp(180): error C2228: '.vtxMax' の左側はクラス、構造体、共用体でなければなりません
c:\users\student\desktop\team silencefujita\00_ゲーム制作 ソースファイル\project000 team silencefujita\object.cpp(180): error C2228: '.z' の左側はクラス、構造体、共用体でなければなりません
c:\users\student\desktop\team silencefujita\00_ゲーム制作 ソースファイル\project000 team silencefujita\object.cpp(184): error C2065: 'g_aModelObject': 定義されていない識別子です。
c:\users\student\desktop\team silencefujita\00_ゲーム制作 ソースファイル\project000 team silencefujita\object.cpp(184): error C2228: '.vtxMax' の左側はクラス、構造体、共用体でなければなりません
c:\users\student\desktop\team silencefujita\00_ゲーム制作 ソースファイル\project000 team silencefujita\object.cpp(184): error C2228: '.z' の左側はクラス、構造体、共用体でなければなりません
c:\users\student\desktop\team silencefujita\00_ゲーム制作 ソースファイル\project000 team silencefujita\object.cpp(192): error C2065: 'g_aModelObject': 定義されていない識別子です。
c:\users\student\desktop\team silencefujita\00_ゲーム制作 ソースファイル\project000 team silencefujita\object.cpp(192): error C2228: '.pMesh' の左側はクラス、構造体、共用体でなければなりません
c:\users\student\desktop\team silencefujita\00_ゲーム制作 ソースファイル\project000 team silencefujita\object.cpp(192): error C2227: '->UnlockVertexBuffer' : 左側がクラス、構造体、共用体、ジェネリック型へのポインターではありません。
c:\users\student\desktop\team silencefujita\00_ゲーム制作 ソースファイル\project000 team silencefujita\object.cpp(195): error C2065: 'g_aModelObject': 定義されていない識別子です。
c:\users\student\desktop\team silencefujita\00_ゲーム制作 ソースファイル\project000 team silencefujita\object.cpp(195): error C2228: '.vtxMax' の左側はクラス、構造体、共用体でなければなりません
c:\users\student\desktop\team silencefujita\00_ゲーム制作 ソースファイル\project000 team silencefujita\object.cpp(195): error C2228: '.vtxMin' の左側はクラス、構造体、共用体でなければなりません
c:\users\student\desktop\team silencefujita\00_ゲーム制作 ソースファイル\project000 team silencefujita\object.cpp(198): error C2065: 'g_aModelObject': 定義されていない識別子です。
c:\users\student\desktop\team silencefujita\00_ゲーム制作 ソースファイル\project000 team silencefujita\object.cpp(198): error C2228: '.fHeight' の左側はクラス、構造体、共用体でなければなりません
c:\users\student\desktop\team silencefujita\00_ゲーム制作 ソースファイル\project000 team silencefujita\object.cpp(201): error C2065: 'g_aModelObject': 定義されていない識別子です。
c:\users\student\desktop\team silencefujita\00_ゲーム制作 ソースファイル\project000 team silencefujita\object.cpp(201): error C2228: '.fRadius' の左側はクラス、構造体、共用体でなければなりません
c:\users\student\desktop\team silencefujita\00_ゲーム制作 ソースファイル\project000 team silencefujita\object.cpp(209): error C2065: 'g_aModelObject': 定義されていない識別子です。
c:\users\student\desktop\team silencefujita\00_ゲーム制作 ソースファイル\project000 team silencefujita\object.cpp(209): error C2228: '.pBuffMat' の左側はクラス、構造体、共用体でなければなりません
c:\users\student\desktop\team silencefujita\00_ゲーム制作 ソースファイル\project000 team silencefujita\object.cpp(209): error C2227: '->GetBufferPointer' : 左側がクラス、構造体、共用体、ジェネリック型へのポインターではありません。
c:\users\student\desktop\team silencefujita\00_ゲーム制作 ソースファイル\project000 team silencefujita\object.cpp(211): error C2065: 'g_aModelObject': 定義されていない識別子です。
c:\users\student\desktop\team silencefujita\00_ゲーム制作 ソースファイル\project000 team silencefujita\object.cpp(211): error C2228: '.dwNumMat' の左側はクラス、構造体、共用体でなければなりません
c:\users\student\desktop\team silencefujita\00_ゲーム制作 ソースファイル\project000 team silencefujita\object.cpp(218): error C2065: 'g_aModelObject': 定義されていない識別子です。
c:\users\student\desktop\team silencefujita\00_ゲーム制作 ソースファイル\project000 team silencefujita\object.cpp(218): error C2228: '.apTexture' の左側はクラス、構造体、共用体でなければなりません
c:\users\student\desktop\team silencefujita\00_ゲーム制作 ソースファイル\project000 team silencefujita\object.cpp(218): error C2660: 'D3DXCreateTextureFromFileA': 関数に 2 個の引数を指定できません。
c:\users\student\desktop\team silencefujita\00_ゲーム制作 ソースファイル\project000 team silencefujita\object.cpp(236): error C2065: 'g_aModelObject': 定義されていない識別子です。
c:\users\student\desktop\team silencefujita\00_ゲーム制作 ソースファイル\project000 team silencefujita\object.cpp(236): error C2228: '.apTexture' の左側はクラス、構造体、共用体でなければなりません
c:\users\student\desktop\team silencefujita\00_ゲーム制作 ソースファイル\project000 team silencefujita\object.cpp(239): error C2065: 'g_aModelObject': 定義されていない識別子です。
c:\users\student\desktop\team silencefujita\00_ゲーム制作 ソースファイル\project000 team silencefujita\object.cpp(239): error C2228: '.apTexture' の左側はクラス、構造体、共用体でなければなりません
c:\users\student\desktop\team silencefujita\00_ゲーム制作 ソースファイル\project000 team silencefujita\object.cpp(239): error C2227: '->Release' : 左側がクラス、構造体、共用体、ジェネリック型へのポインターではありません。
c:\users\student\desktop\team silencefujita\00_ゲーム制作 ソースファイル\project000 team silencefujita\object.cpp(240): error C2065: 'g_aModelObject': 定義されていない識別子です。
c:\users\student\desktop\team silencefujita\00_ゲーム制作 ソースファイル\project000 team silencefujita\object.cpp(240): error C2228: '.apTexture' の左側はクラス、構造体、共用体でなければなりません
c:\users\student\desktop\team silencefujita\00_ゲーム制作 ソースファイル\project000 team silencefujita\object.cpp(249): error C2065: 'g_aModelObject': 定義されていない識別子です。
c:\users\student\desktop\team silencefujita\00_ゲーム制作 ソースファイル\project000 team silencefujita\object.cpp(249): fatal error C1003: プログラム内のエラーが 100 個を超えました。コンパイルは中断されます。
  billboard.cpp
c:\users\student\desktop\team silencefujita\00_ゲーム制作 ソースファイル\project000 team silencefujita\billboard.cpp(241): error C2660: 'SetPositionShadow': 関数に 3 個の引数を指定できません。
c:\users\student\desktop\team silencefujita\00_ゲーム制作 ソースファイル\project000 team silencefujita\billboard.cpp(244): error C2065: 'MESH_RADIUS': 定義されていない識別子です。
c:\users\student\desktop\team silencefujita\00_ゲーム制作 ソースファイル\project000 team silencefujita\billboard.cpp(244): error C3861: 'CollisionOuterProduct': 識別子が見つかりませんでした
c:\users\student\desktop\team silencefujita\00_ゲーム制作 ソースファイル\project000 team silencefujita\billboard.cpp(245): error C2065: 'MESH_RADIUS': 定義されていない識別子です。
c:\users\student\desktop\team silencefujita\00_ゲーム制作 ソースファイル\project000 team silencefujita\billboard.cpp(245): error C3861: 'CollisionOuterProduct': 識別子が見つかりませんでした
c:\users\student\desktop\team silencefujita\00_ゲーム制作 ソースファイル\project000 team silencefujita\billboard.cpp(246): error C2065: 'MESH_RADIUS': 定義されていない識別子です。
c:\users\student\desktop\team silencefujita\00_ゲーム制作 ソースファイル\project000 team silencefujita\billboard.cpp(246): error C3861: 'CollisionOuterProduct': 識別子が見つかりませんでした
c:\users\student\desktop\team silencefujita\00_ゲーム制作 ソースファイル\project000 team silencefujita\billboard.cpp(247): error C2065: 'MESH_RADIUS': 定義されていない識別子です。
c:\users\student\desktop\team silencefujita\00_ゲーム制作 ソースファイル\project000 team silencefujita\billboard.cpp(247): error C3861: 'CollisionOuterProduct': 識別子が見つかりませんでした
c:\users\student\desktop\team silencefujita\00_ゲーム制作 ソースファイル\project000 team silencefujita\billboard.cpp(420): error C2660: 'SetShadow': 関数に 2 個の引数を指定できません。
c:\users\student\desktop\team silencefujita\00_ゲーム制作 ソースファイル\project000 team silencefujita\billboard.cpp(451): error C3861: 'ResetShadow': 識別子が見つかりませんでした
  EditBillboard.cpp
c:\users\student\desktop\team silencefujita\00_ゲーム制作 ソースファイル\project000 team silencefujita\edit.h(23): error C3646: 'pModelData': 不明なオーバーライド指定子です
c:\users\student\desktop\team silencefujita\00_ゲーム制作 ソースファイル\project000 team silencefujita\edit.h(23): error C4430: 型指定子がありません - int と仮定しました。メモ: C++ は int を既定値としてサポートしていません
c:\users\student\desktop\team silencefujita\00_ゲーム制作 ソースファイル\project000 team silencefujita\edit.h(31): error C2065: 'MAX_MATERIAL': 定義されていない識別子です。
c:\users\student\desktop\team silencefujita\00_ゲーム制作 ソースファイル\project000 team silencefujita\editbillboard.cpp(45): error C2065: 'EDITSTYLE_BILLBOARD': 定義されていない識別子です。
c:\users\student\desktop\team silencefujita\00_ゲーム制作 ソースファイル\project000 team silencefujita\editbillboard.cpp(184): error C3861: 'GetStyle': 識別子が見つかりませんでした
c:\users\student\desktop\team silencefujita\00_ゲーム制作 ソースファイル\project000 team silencefujita\editbillboard.cpp(186): error C2065: 'EDITSTYLE_BILLBOARD': 定義されていない識別子です。
c:\users\student\desktop\team silencefujita\00_ゲーム制作 ソースファイル\project000 team silencefujita\editbillboard.cpp(359): error C2065: 'EDITSTYLE_BILLBOARD': 定義されていない識別子です。
c:\users\student\desktop\team silencefujita\00_ゲーム制作 ソースファイル\project000 team silencefujita\editbillboard.cpp(374): error C2065: 'EDITSTYLE_BILLBOARD': 定義されていない識別子です。
c:\users\student\desktop\team silencefujita\00_ゲーム制作 ソースファイル\project000 team silencefujita\editbillboard.cpp(411): error C2065: 'EDITSTYLE_BILLBOARD': 定義されていない識別子です。
c:\users\student\desktop\team silencefujita\00_ゲーム制作 ソースファイル\project000 team silencefujita\editbillboard.cpp(436): error C2065: 'EDITSTYLE_BILLBOARD': 定義されていない識別子です。
c:\users\student\desktop\team silencefujita\00_ゲーム制作 ソースファイル\project000 team silencefujita\editbillboard.cpp(471): error C2065: 'EDITSTYLE_BILLBOARD': 定義されていない識別子です。
c:\users\student\desktop\team silencefujita\00_ゲーム制作 ソースファイル\project000 team silencefujita\editbillboard.cpp(506): error C2065: 'EDITSTYLE_BILLBOARD': 定義されていない識別子です。
c:\users\student\desktop\team silencefujita\00_ゲーム制作 ソースファイル\project000 team silencefujita\editbillboard.cpp(543): error C2065: 'EDITSTYLE_BILLBOARD': 定義されていない識別子です。
c:\users\student\desktop\team silencefujita\00_ゲーム制作 ソースファイル\project000 team silencefujita\editbillboard.cpp(582): error C2065: 'EDITSTYLE_BILLBOARD': 定義されていない識別子です。
  Edit.cpp
c:\users\student\desktop\team silencefujita\00_ゲーム制作 ソースファイル\project000 team silencefujita\edit.h(31): error C2065: 'MAX_MATERIAL': 定義されていない識別子です。
c:\users\student\desktop\team silencefujita\00_ゲーム制作 ソースファイル\project000 team silencefujita\object.h(34): error C3646: 'state': 不明なオーバーライド指定子です
c:\users\student\desktop\team silencefujita\00_ゲーム制作 ソースファイル\project000 team silencefujita\object.h(34): error C4430: 型指定子がありません - int と仮定しました。メモ: C++ は int を既定値としてサポートしていません
c:\users\student\desktop\team silencefujita\00_ゲーム制作 ソースファイル\project000 team silencefujita\edit.cpp(74): error C2065: 'MAX_TEXTURE': 定義されていない識別子です。
c:\users\student\desktop\team silencefujita\00_ゲーム制作 ソースファイル\project000 team silencefujita\edit.cpp(77): error C2039: 'pDollData': 'EditObject' のメンバーではありません。
  c:\users\student\desktop\team silencefujita\00_ゲーム制作 ソースファイル\project000 team silencefujita\edit.h(15): note: 'EditObject' の宣言を確認してください
c:\users\student\desktop\team silencefujita\00_ゲーム制作 ソースファイル\project000 team silencefujita\edit.cpp(77): error C2228: '.apTexture' の左側はクラス、構造体、共用体でなければなりません
c:\users\student\desktop\team silencefujita\00_ゲーム制作 ソースファイル\project000 team silencefujita\edit.cpp(81): error C2039: 'pDollData': 'EditObject' のメンバーではありません。
  c:\users\student\desktop\team silencefujita\00_ゲーム制作 ソースファイル\project000 team silencefujita\edit.h(15): note: 'EditObject' の宣言を確認してください
c:\users\student\desktop\team silencefujita\00_ゲーム制作 ソースファイル\project000 team silencefujita\edit.cpp(81): error C2228: '.g_dwNumMat' の左側はクラス、構造体、共用体でなければなりません
c:\users\student\desktop\team silencefujita\00_ゲーム制作 ソースファイル\project000 team silencefujita\edit.cpp(84): error C2039: 'pDollData': 'EditObject' のメンバーではありません。
  c:\users\student\desktop\team silencefujita\00_ゲーム制作 ソースファイル\project000 team silencefujita\edit.h(15): note: 'EditObject' の宣言を確認してください
c:\users\student\desktop\team silencefujita\00_ゲーム制作 ソースファイル\project000 team silencefujita\edit.cpp(84): error C2228: '.g_pBuffMat' の左側はクラス、構造体、共用体でなければなりません
c:\users\student\desktop\team silencefujita\00_ゲーム制作 ソースファイル\project000 team silencefujita\edit.cpp(87): error C2039: 'pDollData': 'EditObject' のメンバーではありません。
  c:\users\student\desktop\team silencefujita\00_ゲーム制作 ソースファイル\project000 team silencefujita\edit.h(15): note: 'EditObject' の宣言を確認してください
c:\users\student\desktop\team silencefujita\00_ゲーム制作 ソースファイル\project000 team silencefujita\edit.cpp(87): error C2228: '.g_pMesh' の左側はクラス、構造体、共用体でなければなりません
c:\users\student\desktop\team silencefujita\00_ゲーム制作 ソースファイル\project000 team silencefujita\edit.cpp(97): error C2065: 'EDITSTYLE_OBJECT': 定義されていない識別子です。
c:\users\student\desktop\team silencefujita\00_ゲーム制作 ソースファイル\project000 team silencefujita\edit.cpp(104): error C2065: 'MAX_TEXTURE': 定義されていない識別子です。
c:\users\student\desktop\team silencefujita\00_ゲーム制作 ソースファイル\project000 team silencefujita\edit.cpp(107): error C2065: 'g_DollEditObject': 定義されていない識別子です。
c:\users\student\desktop\team silencefujita\00_ゲーム制作 ソースファイル\project000 team silencefujita\edit.cpp(107): error C2228: '.apTexture' の左側はクラス、構造体、共用体でなければなりません
c:\users\student\desktop\team silencefujita\00_ゲーム制作 ソースファイル\project000 team silencefujita\edit.cpp(111): error C2065: 'g_DollEditObject': 定義されていない識別子です。
c:\users\student\desktop\team silencefujita\00_ゲーム制作 ソースファイル\project000 team silencefujita\edit.cpp(111): error C2228: '.g_dwNumMat' の左側はクラス、構造体、共用体でなければなりません
c:\users\student\desktop\team silencefujita\00_ゲーム制作 ソースファイル\project000 team silencefujita\edit.cpp(114): error C2065: 'g_DollEditObject': 定義されていない識別子です。
c:\users\student\desktop\team silencefujita\00_ゲーム制作 ソースファイル\project000 team silencefujita\edit.cpp(114): error C2228: '.g_pBuffMat' の左側はクラス、構造体、共用体でなければなりません
c:\users\student\desktop\team silencefujita\00_ゲーム制作 ソースファイル\project000 team silencefujita\edit.cpp(117): error C2065: 'g_DollEditObject': 定義されていない識別子です。
c:\users\student\desktop\team silencefujita\00_ゲーム制作 ソースファイル\project000 team silencefujita\edit.cpp(117): error C2228: '.g_pMesh' の左側はクラス、構造体、共用体でなければなりません
c:\users\student\desktop\team silencefujita\00_ゲーム制作 ソースファイル\project000 team silencefujita\edit.cpp(123): error C2065: 'c_apModelnameEditObject': 定義されていない識別子です。
c:\users\student\desktop\team silencefujita\00_ゲーム制作 ソースファイル\project000 team silencefujita\edit.cpp(127): error C2065: 'g_DollEditObject': 定義されていない識別子です。
c:\users\student\desktop\team silencefujita\00_ゲーム制作 ソースファイル\project000 team silencefujita\edit.cpp(127): error C2228: '.g_pBuffMat' の左側はクラス、構造体、共用体でなければなりません
c:\users\student\desktop\team silencefujita\00_ゲーム制作 ソースファイル\project000 team silencefujita\edit.cpp(129): error C2065: 'g_DollEditObject': 定義されていない識別子です。
c:\users\student\desktop\team silencefujita\00_ゲーム制作 ソースファイル\project000 team silencefujita\edit.cpp(129): error C2228: '.g_dwNumMat' の左側はクラス、構造体、共用体でなければなりません
c:\users\student\desktop\team silencefujita\00_ゲーム制作 ソースファイル\project000 team silencefujita\edit.cpp(130): error C2065: 'g_DollEditObject': 定義されていない識別子です。
c:\users\student\desktop\team silencefujita\00_ゲーム制作 ソースファイル\project000 team silencefujita\edit.cpp(130): error C2228: '.g_pMesh' の左側はクラス、構造体、共用体でなければなりません
c:\users\student\desktop\team silencefujita\00_ゲーム制作 ソースファイル\project000 team silencefujita\edit.cpp(130): error C2660: 'D3DXLoadMeshFromXA': 関数に 5 個の引数を指定できません。
c:\users\student\desktop\team silencefujita\00_ゲーム制作 ソースファイル\project000 team silencefujita\edit.cpp(135): error C2065: 'g_DollEditObject': 定義されていない識別子です。
c:\users\student\desktop\team silencefujita\00_ゲーム制作 ソースファイル\project000 team silencefujita\edit.cpp(135): error C2228: '.g_pBuffMat' の左側はクラス、構造体、共用体でなければなりません
c:\users\student\desktop\team silencefujita\00_ゲーム制作 ソースファイル\project000 team silencefujita\edit.cpp(135): error C2227: '->GetBufferPointer' : 左側がクラス、構造体、共用体、ジェネリック型へのポインターではありません。
c:\users\student\desktop\team silencefujita\00_ゲーム制作 ソースファイル\project000 team silencefujita\edit.cpp(137): error C2065: 'g_DollEditObject': 定義されていない識別子です。
c:\users\student\desktop\team silencefujita\00_ゲーム制作 ソースファイル\project000 team silencefujita\edit.cpp(137): error C2228: '.g_dwNumMat' の左側はクラス、構造体、共用体でなければなりません
c:\users\student\desktop\team silencefujita\00_ゲーム制作 ソースファイル\project000 team silencefujita\edit.cpp(144): error C2065: 'g_DollEditObject': 定義されていない識別子です。
c:\users\student\desktop\team silencefujita\00_ゲーム制作 ソースファイル\project000 team silencefujita\edit.cpp(144): error C2228: '.apTexture' の左側はクラス、構造体、共用体でなければなりません
c:\users\student\desktop\team silencefujita\00_ゲーム制作 ソースファイル\project000 team silencefujita\edit.cpp(144): error C2660: 'D3DXCreateTextureFromFileA': 関数に 2 個の引数を指定できません。
c:\users\student\desktop\team silencefujita\00_ゲーム制作 ソースファイル\project000 team silencefujita\edit.cpp(148): error C2065: 'g_DollEditObject': 定義されていない識別子です。
c:\users\student\desktop\team silencefujita\00_ゲーム制作 ソースファイル\project000 team silencefujita\edit.cpp(148): error C2228: '.MatCopy' の左側はクラス、構造体、共用体でなければなりません
c:\users\student\desktop\team silencefujita\00_ゲーム制作 ソースファイル\project000 team silencefujita\edit.cpp(167): error C3861: 'GetObje': 識別子が見つかりませんでした
c:\users\student\desktop\team silencefujita\00_ゲーム制作 ソースファイル\project000 team silencefujita\edit.cpp(168): error C2228: '.rot' の左側はクラス、構造体、共用体でなければなりません
  c:\users\student\desktop\team silencefujita\00_ゲーム制作 ソースファイル\project000 team silencefujita\edit.cpp(168): note: 型は 'Camera *' です。
  c:\users\student\desktop\team silencefujita\00_ゲーム制作 ソースファイル\project000 team silencefujita\edit.cpp(168): note: 代わりに '->' を使用しますか?
c:\users\student\desktop\team silencefujita\00_ゲーム制作 ソースファイル\project000 team silencefujita\edit.cpp(169): error C3861: 'GetStyle': 識別子が見つかりませんでした
c:\users\student\desktop\team silencefujita\00_ゲーム制作 ソースファイル\project000 team silencefujita\edit.cpp(171): error C2065: 'EDITSTYLE_OBJECT': 定義されていない識別子です。
c:\users\student\desktop\team silencefujita\00_ゲーム制作 ソースファイル\project000 team silencefujita\edit.cpp(184): error C2039: 'pDollData': 'EditObject' のメンバーではありません。
  c:\users\student\desktop\team silencefujita\00_ゲーム制作 ソースファイル\project000 team silencefujita\edit.h(15): note: 'EditObject' の宣言を確認してください
c:\users\student\desktop\team silencefujita\00_ゲーム制作 ソースファイル\project000 team silencefujita\edit.cpp(184): error C2065: 'g_DollEditObject': 定義されていない識別子です。
c:\users\student\desktop\team silencefujita\00_ゲーム制作 ソースファイル\project000 team silencefujita\edit.cpp(293): error C2039: 'pDollData': 'EditObject' のメンバーではありません。
  c:\users\student\desktop\team silencefujita\00_ゲーム制作 ソースファイル\project000 team silencefujita\edit.h(15): note: 'EditObject' の宣言を確認してください
c:\users\student\desktop\team silencefujita\00_ゲーム制作 ソースファイル\project000 team silencefujita\edit.cpp(293): error C2228: '.g_pBuffMat' の左側はクラス、構造体、共用体でなければなりません
c:\users\student\desktop\team silencefujita\00_ゲーム制作 ソースファイル\project000 team silencefujita\edit.cpp(293): error C2227: '->GetBufferPointer' : 左側がクラス、構造体、共用体、ジェネリック型へのポインターではありません。
c:\users\student\desktop\team silencefujita\00_ゲーム制作 ソースファイル\project000 team silencefujita\edit.cpp(295): error C2039: 'pDollData': 'EditObject' のメンバーではありません。
  c:\users\student\desktop\team silencefujita\00_ゲーム制作 ソースファイル\project000 team silencefujita\edit.h(15): note: 'EditObject' の宣言を確認してください
c:\users\student\desktop\team silencefujita\00_ゲーム制作 ソースファイル\project000 team silencefujita\edit.cpp(295): error C2228: '.g_dwNumMat' の左側はクラス、構造体、共用体でなければなりません
c:\users\student\desktop\team silencefujita\00_ゲーム制作 ソースファイル\project000 team silencefujita\edit.cpp(340): error C3861: 'GetObje': 識別子が見つかりませんでした
c:\users\student\desktop\team silencefujita\00_ゲーム制作 ソースファイル\project000 team silencefujita\edit.cpp(353): error C2039: 'State': 'Object' のメンバーではありません。
  c:\users\student\desktop\team silencefujita\00_ゲーム制作 ソースファイル\project000 team silencefujita\object.h(29): note: 'Object' の宣言を確認してください
c:\users\student\desktop\team silencefujita\00_ゲーム制作 ソースファイル\project000 team silencefujita\edit.cpp(353): error C2065: 'OBJECTSTATE_DELETETARGET': 定義されていない識別子です。
c:\users\student\desktop\team silencefujita\00_ゲーム制作 ソースファイル\project000 team silencefujita\edit.cpp(365): error C2039: 'State': 'Object' のメンバーではありません。
  c:\users\student\desktop\team silencefujita\00_ゲーム制作 ソースファイル\project000 team silencefujita\object.h(29): note: 'Object' の宣言を確認してください
c:\users\student\desktop\team silencefujita\00_ゲーム制作 ソースファイル\project000 team silencefujita\edit.cpp(365): error C2065: 'OBJECTSTATE_USE': 定義されていない識別子です。
c:\users\student\desktop\team silencefujita\00_ゲーム制作 ソースファイル\project000 team silencefujita\edit.cpp(376): error C2065: 'EDITSTYLE_OBJECT': 定義されていない識別子です。
c:\users\student\desktop\team silencefujita\00_ゲーム制作 ソースファイル\project000 team silencefujita\edit.cpp(381): error C2065: 'OBJECTTYPE_MAX': 定義されていない識別子です。
c:\users\student\desktop\team silencefujita\00_ゲーム制作 ソースファイル\project000 team silencefujita\edit.cpp(384): error C2039: 'pDollData': 'EditObject' のメンバーではありません。
  c:\users\student\desktop\team silencefujita\00_ゲーム制作 ソースファイル\project000 team silencefujita\edit.h(15): note: 'EditObject' の宣言を確認してください
c:\users\student\desktop\team silencefujita\00_ゲーム制作 ソースファイル\project000 team silencefujita\edit.cpp(384): error C2065: 'g_DollEditObject': 定義されていない識別子です。
c:\users\student\desktop\team silencefujita\00_ゲーム制作 ソースファイル\project000 team silencefujita\edit.cpp(394): error C2065: 'EDITSTYLE_OBJECT': 定義されていない識別子です。
c:\users\student\desktop\team silencefujita\00_ゲーム制作 ソースファイル\project000 team silencefujita\edit.cpp(448): error C2065: 'EDITSTYLE_OBJECT': 定義されていない識別子です。
c:\users\student\desktop\team silencefujita\00_ゲーム制作 ソースファイル\project000 team silencefujita\edit.cpp(452): error C2065: 'MAX_MATERIAL': 定義されていない識別子です。
c:\users\student\desktop\team silencefujita\00_ゲーム制作 ソースファイル\project000 team silencefujita\edit.cpp(460): error C2660: 'SetObject': 関数に 5 個の引数を指定できません。
c:\users\student\desktop\team silencefujita\00_ゲーム制作 ソースファイル\project000 team silencefujita\edit.cpp(473): error C2065: 'EDITSTYLE_OBJECT': 定義されていない識別子です。
c:\users\student\desktop\team silencefujita\00_ゲーム制作 ソースファイル\project000 team silencefujita\edit.cpp(493): error C2065: 'EDITSTYLE_OBJECT': 定義されていない識別子です。
c:\users\student\desktop\team silencefujita\00_ゲーム制作 ソースファイル\project000 team silencefujita\edit.cpp(513): error C2065: 'EDITSTYLE_OBJECT': 定義されていない識別子です。
c:\users\student\desktop\team silencefujita\00_ゲーム制作 ソースファイル\project000 team silencefujita\edit.cpp(533): error C2065: 'EDITSTYLE_OBJECT': 定義されていない識別子です。
c:\users\student\desktop\team silencefujita\00_ゲーム制作 ソースファイル\project000 team silencefujita\edit.cpp(563): error C2065: 'EDITSTYLE_OBJECT': 定義されていない識別子です。
c:\users\student\desktop\team silencefujita\00_ゲーム制作 ソースファイル\project000 team silencefujita\edit.cpp(585): error C2039: 'pDollData': 'EditObject' のメンバーではありません。
  c:\users\student\desktop\team silencefujita\00_ゲーム制作 ソースファイル\project000 team silencefujita\edit.h(15): note: 'EditObject' の宣言を確認してください
c:\users\student\desktop\team silencefujita\00_ゲーム制作 ソースファイル\project000 team silencefujita\edit.cpp(585): error C2228: '.g_dwNumMat' の左側はクラス、構造体、共用体でなければなりません
c:\users\student\desktop\team silencefujita\00_ゲーム制作 ソースファイル\project000 team silencefujita\edit.cpp(588): error C2039: 'pDollData': 'EditObject' のメンバーではありません。
  c:\users\student\desktop\team silencefujita\00_ゲーム制作 ソースファイル\project000 team silencefujita\edit.h(15): note: 'EditObject' の宣言を確認してください
c:\users\student\desktop\team silencefujita\00_ゲーム制作 ソースファイル\project000 team silencefujita\edit.cpp(588): error C2228: '.g_dwNumMat' の左側はクラス、構造体、共用体でなければなりません
c:\users\student\desktop\team silencefujita\00_ゲーム制作 ソースファイル\project000 team silencefujita\edit.cpp(754): error C2065: 'g_DollEditObject': 定義されていない識別子です。
c:\users\student\desktop\team silencefujita\00_ゲーム制作 ソースファイル\project000 team silencefujita\edit.cpp(754): error C2228: '.MatCopy' の左側はクラス、構造体、共用体でなければなりません
c:\users\student\desktop\team silencefujita\00_ゲーム制作 ソースファイル\project000 team silencefujita\edit.cpp(754): error C2228: '.MatD3D' の左側はクラス、構造体、共用体でなければなりません
  コードを生成中...
